<?xml version="1.0" encoding="UTF-8"?>
<testsuite xmlns:xsi="http://www.w3.org/2001/XMLSchema-instance" xsi:noNamespaceSchemaLocation="https://maven.apache.org/surefire/maven-surefire-plugin/xsd/surefire-test-report.xsd" name="zw.co.booker.bookstore.BookstoreApplicationTests" time="5.457" tests="1" errors="1" skipped="0" failures="0">
  <properties>
    <property name="java.specification.version" value="17"/>
    <property name="sun.jnu.encoding" value="UTF-8"/>
    <property name="java.class.path" value="/home/tarbabyelvis/IdeaProjects/bookstore/target/test-classes:/home/tarbabyelvis/IdeaProjects/bookstore/target/classes:/home/tarbabyelvis/.m2/repository/org/springframework/boot/spring-boot-starter-data-jpa/2.6.7/spring-boot-starter-data-jpa-2.6.7.jar:/home/tarbabyelvis/.m2/repository/org/springframework/boot/spring-boot-starter-aop/2.6.7/spring-boot-starter-aop-2.6.7.jar:/home/tarbabyelvis/.m2/repository/org/aspectj/aspectjweaver/1.9.7/aspectjweaver-1.9.7.jar:/home/tarbabyelvis/.m2/repository/org/springframework/boot/spring-boot-starter-jdbc/2.6.7/spring-boot-starter-jdbc-2.6.7.jar:/home/tarbabyelvis/.m2/repository/com/zaxxer/HikariCP/4.0.3/HikariCP-4.0.3.jar:/home/tarbabyelvis/.m2/repository/org/springframework/spring-jdbc/5.3.19/spring-jdbc-5.3.19.jar:/home/tarbabyelvis/.m2/repository/jakarta/transaction/jakarta.transaction-api/1.3.3/jakarta.transaction-api-1.3.3.jar:/home/tarbabyelvis/.m2/repository/jakarta/persistence/jakarta.persistence-api/2.2.3/jakarta.persistence-api-2.2.3.jar:/home/tarbabyelvis/.m2/repository/org/hibernate/hibernate-core/5.6.8.Final/hibernate-core-5.6.8.Final.jar:/home/tarbabyelvis/.m2/repository/org/jboss/logging/jboss-logging/3.4.3.Final/jboss-logging-3.4.3.Final.jar:/home/tarbabyelvis/.m2/repository/net/bytebuddy/byte-buddy/1.11.22/byte-buddy-1.11.22.jar:/home/tarbabyelvis/.m2/repository/antlr/antlr/2.7.7/antlr-2.7.7.jar:/home/tarbabyelvis/.m2/repository/org/jboss/jandex/2.4.2.Final/jandex-2.4.2.Final.jar:/home/tarbabyelvis/.m2/repository/com/fasterxml/classmate/1.5.1/classmate-1.5.1.jar:/home/tarbabyelvis/.m2/repository/org/hibernate/common/hibernate-commons-annotations/5.1.2.Final/hibernate-commons-annotations-5.1.2.Final.jar:/home/tarbabyelvis/.m2/repository/org/glassfish/jaxb/jaxb-runtime/2.3.6/jaxb-runtime-2.3.6.jar:/home/tarbabyelvis/.m2/repository/org/glassfish/jaxb/txw2/2.3.6/txw2-2.3.6.jar:/home/tarbabyelvis/.m2/repository/com/sun/istack/istack-commons-runtime/3.0.12/istack-commons-runtime-3.0.12.jar:/home/tarbabyelvis/.m2/repository/com/sun/activation/jakarta.activation/1.2.2/jakarta.activation-1.2.2.jar:/home/tarbabyelvis/.m2/repository/org/springframework/data/spring-data-jpa/2.6.4/spring-data-jpa-2.6.4.jar:/home/tarbabyelvis/.m2/repository/org/springframework/data/spring-data-commons/2.6.4/spring-data-commons-2.6.4.jar:/home/tarbabyelvis/.m2/repository/org/springframework/spring-orm/5.3.19/spring-orm-5.3.19.jar:/home/tarbabyelvis/.m2/repository/org/springframework/spring-context/5.3.19/spring-context-5.3.19.jar:/home/tarbabyelvis/.m2/repository/org/springframework/spring-tx/5.3.19/spring-tx-5.3.19.jar:/home/tarbabyelvis/.m2/repository/org/springframework/spring-beans/5.3.19/spring-beans-5.3.19.jar:/home/tarbabyelvis/.m2/repository/org/slf4j/slf4j-api/1.7.36/slf4j-api-1.7.36.jar:/home/tarbabyelvis/.m2/repository/org/springframework/spring-aspects/5.3.19/spring-aspects-5.3.19.jar:/home/tarbabyelvis/.m2/repository/org/springframework/boot/spring-boot-starter-security/2.6.7/spring-boot-starter-security-2.6.7.jar:/home/tarbabyelvis/.m2/repository/org/springframework/boot/spring-boot-starter/2.6.7/spring-boot-starter-2.6.7.jar:/home/tarbabyelvis/.m2/repository/org/springframework/boot/spring-boot/2.6.7/spring-boot-2.6.7.jar:/home/tarbabyelvis/.m2/repository/org/springframework/boot/spring-boot-autoconfigure/2.6.7/spring-boot-autoconfigure-2.6.7.jar:/home/tarbabyelvis/.m2/repository/org/springframework/boot/spring-boot-starter-logging/2.6.7/spring-boot-starter-logging-2.6.7.jar:/home/tarbabyelvis/.m2/repository/ch/qos/logback/logback-classic/1.2.11/logback-classic-1.2.11.jar:/home/tarbabyelvis/.m2/repository/ch/qos/logback/logback-core/1.2.11/logback-core-1.2.11.jar:/home/tarbabyelvis/.m2/repository/org/apache/logging/log4j/log4j-to-slf4j/2.17.2/log4j-to-slf4j-2.17.2.jar:/home/tarbabyelvis/.m2/repository/org/apache/logging/log4j/log4j-api/2.17.2/log4j-api-2.17.2.jar:/home/tarbabyelvis/.m2/repository/org/slf4j/jul-to-slf4j/1.7.36/jul-to-slf4j-1.7.36.jar:/home/tarbabyelvis/.m2/repository/jakarta/annotation/jakarta.annotation-api/1.3.5/jakarta.annotation-api-1.3.5.jar:/home/tarbabyelvis/.m2/repository/org/yaml/snakeyaml/1.29/snakeyaml-1.29.jar:/home/tarbabyelvis/.m2/repository/org/springframework/spring-aop/5.3.19/spring-aop-5.3.19.jar:/home/tarbabyelvis/.m2/repository/org/springframework/security/spring-security-config/5.6.3/spring-security-config-5.6.3.jar:/home/tarbabyelvis/.m2/repository/org/springframework/security/spring-security-web/5.6.3/spring-security-web-5.6.3.jar:/home/tarbabyelvis/.m2/repository/org/springframework/spring-expression/5.3.19/spring-expression-5.3.19.jar:/home/tarbabyelvis/.m2/repository/org/springframework/boot/spring-boot-starter-web/2.6.7/spring-boot-starter-web-2.6.7.jar:/home/tarbabyelvis/.m2/repository/org/springframework/boot/spring-boot-starter-json/2.6.7/spring-boot-starter-json-2.6.7.jar:/home/tarbabyelvis/.m2/repository/com/fasterxml/jackson/core/jackson-databind/2.13.2.1/jackson-databind-2.13.2.1.jar:/home/tarbabyelvis/.m2/repository/com/fasterxml/jackson/core/jackson-annotations/2.13.2/jackson-annotations-2.13.2.jar:/home/tarbabyelvis/.m2/repository/com/fasterxml/jackson/core/jackson-core/2.13.2/jackson-core-2.13.2.jar:/home/tarbabyelvis/.m2/repository/com/fasterxml/jackson/datatype/jackson-datatype-jdk8/2.13.2/jackson-datatype-jdk8-2.13.2.jar:/home/tarbabyelvis/.m2/repository/com/fasterxml/jackson/datatype/jackson-datatype-jsr310/2.13.2/jackson-datatype-jsr310-2.13.2.jar:/home/tarbabyelvis/.m2/repository/com/fasterxml/jackson/module/jackson-module-parameter-names/2.13.2/jackson-module-parameter-names-2.13.2.jar:/home/tarbabyelvis/.m2/repository/org/springframework/boot/spring-boot-starter-tomcat/2.6.7/spring-boot-starter-tomcat-2.6.7.jar:/home/tarbabyelvis/.m2/repository/org/apache/tomcat/embed/tomcat-embed-core/9.0.62/tomcat-embed-core-9.0.62.jar:/home/tarbabyelvis/.m2/repository/org/apache/tomcat/embed/tomcat-embed-el/9.0.62/tomcat-embed-el-9.0.62.jar:/home/tarbabyelvis/.m2/repository/org/apache/tomcat/embed/tomcat-embed-websocket/9.0.62/tomcat-embed-websocket-9.0.62.jar:/home/tarbabyelvis/.m2/repository/org/springframework/spring-web/5.3.19/spring-web-5.3.19.jar:/home/tarbabyelvis/.m2/repository/org/springframework/spring-webmvc/5.3.19/spring-webmvc-5.3.19.jar:/home/tarbabyelvis/.m2/repository/org/postgresql/postgresql/42.3.4/postgresql-42.3.4.jar:/home/tarbabyelvis/.m2/repository/org/checkerframework/checker-qual/3.5.0/checker-qual-3.5.0.jar:/home/tarbabyelvis/.m2/repository/org/projectlombok/lombok/1.18.24/lombok-1.18.24.jar:/home/tarbabyelvis/.m2/repository/org/springframework/boot/spring-boot-starter-test/2.6.7/spring-boot-starter-test-2.6.7.jar:/home/tarbabyelvis/.m2/repository/org/springframework/boot/spring-boot-test/2.6.7/spring-boot-test-2.6.7.jar:/home/tarbabyelvis/.m2/repository/org/springframework/boot/spring-boot-test-autoconfigure/2.6.7/spring-boot-test-autoconfigure-2.6.7.jar:/home/tarbabyelvis/.m2/repository/com/jayway/jsonpath/json-path/2.6.0/json-path-2.6.0.jar:/home/tarbabyelvis/.m2/repository/net/minidev/json-smart/2.4.8/json-smart-2.4.8.jar:/home/tarbabyelvis/.m2/repository/net/minidev/accessors-smart/2.4.8/accessors-smart-2.4.8.jar:/home/tarbabyelvis/.m2/repository/org/ow2/asm/asm/9.1/asm-9.1.jar:/home/tarbabyelvis/.m2/repository/jakarta/xml/bind/jakarta.xml.bind-api/2.3.3/jakarta.xml.bind-api-2.3.3.jar:/home/tarbabyelvis/.m2/repository/jakarta/activation/jakarta.activation-api/1.2.2/jakarta.activation-api-1.2.2.jar:/home/tarbabyelvis/.m2/repository/org/assertj/assertj-core/3.21.0/assertj-core-3.21.0.jar:/home/tarbabyelvis/.m2/repository/org/hamcrest/hamcrest/2.2/hamcrest-2.2.jar:/home/tarbabyelvis/.m2/repository/org/junit/jupiter/junit-jupiter/5.8.2/junit-jupiter-5.8.2.jar:/home/tarbabyelvis/.m2/repository/org/junit/jupiter/junit-jupiter-api/5.8.2/junit-jupiter-api-5.8.2.jar:/home/tarbabyelvis/.m2/repository/org/opentest4j/opentest4j/1.2.0/opentest4j-1.2.0.jar:/home/tarbabyelvis/.m2/repository/org/junit/platform/junit-platform-commons/1.8.2/junit-platform-commons-1.8.2.jar:/home/tarbabyelvis/.m2/repository/org/apiguardian/apiguardian-api/1.1.2/apiguardian-api-1.1.2.jar:/home/tarbabyelvis/.m2/repository/org/junit/jupiter/junit-jupiter-params/5.8.2/junit-jupiter-params-5.8.2.jar:/home/tarbabyelvis/.m2/repository/org/junit/jupiter/junit-jupiter-engine/5.8.2/junit-jupiter-engine-5.8.2.jar:/home/tarbabyelvis/.m2/repository/org/junit/platform/junit-platform-engine/1.8.2/junit-platform-engine-1.8.2.jar:/home/tarbabyelvis/.m2/repository/org/mockito/mockito-core/4.0.0/mockito-core-4.0.0.jar:/home/tarbabyelvis/.m2/repository/net/bytebuddy/byte-buddy-agent/1.11.22/byte-buddy-agent-1.11.22.jar:/home/tarbabyelvis/.m2/repository/org/objenesis/objenesis/3.2/objenesis-3.2.jar:/home/tarbabyelvis/.m2/repository/org/mockito/mockito-junit-jupiter/4.0.0/mockito-junit-jupiter-4.0.0.jar:/home/tarbabyelvis/.m2/repository/org/skyscreamer/jsonassert/1.5.0/jsonassert-1.5.0.jar:/home/tarbabyelvis/.m2/repository/com/vaadin/external/google/android-json/0.0.20131108.vaadin1/android-json-0.0.20131108.vaadin1.jar:/home/tarbabyelvis/.m2/repository/org/springframework/spring-core/5.3.19/spring-core-5.3.19.jar:/home/tarbabyelvis/.m2/repository/org/springframework/spring-jcl/5.3.19/spring-jcl-5.3.19.jar:/home/tarbabyelvis/.m2/repository/org/springframework/spring-test/5.3.19/spring-test-5.3.19.jar:/home/tarbabyelvis/.m2/repository/org/xmlunit/xmlunit-core/2.8.4/xmlunit-core-2.8.4.jar:/home/tarbabyelvis/.m2/repository/org/springframework/security/spring-security-test/5.6.3/spring-security-test-5.6.3.jar:/home/tarbabyelvis/.m2/repository/org/springframework/security/spring-security-core/5.6.3/spring-security-core-5.6.3.jar:/home/tarbabyelvis/.m2/repository/org/springframework/security/spring-security-crypto/5.6.3/spring-security-crypto-5.6.3.jar:/home/tarbabyelvis/.m2/repository/org/mockito/mockito-all/1.10.19/mockito-all-1.10.19.jar:"/>
    <property name="java.vm.vendor" value="Oracle Corporation"/>
    <property name="sun.arch.data.model" value="64"/>
    <property name="java.vendor.url" value="https://java.oracle.com/"/>
    <property name="os.name" value="Linux"/>
    <property name="java.vm.specification.version" value="17"/>
    <property name="sun.java.launcher" value="SUN_STANDARD"/>
    <property name="user.country" value="ZW"/>
    <property name="sun.boot.library.path" value="/usr/lib/jvm/jdk-17/lib"/>
    <property name="sun.java.command" value="/home/tarbabyelvis/IdeaProjects/bookstore/target/surefire/surefirebooter1243993594073381779.jar /home/tarbabyelvis/IdeaProjects/bookstore/target/surefire 2022-05-04T10-49-52_574-jvmRun1 surefire5643589194021504582tmp surefire_08844176863128196959tmp"/>
    <property name="jdk.debug" value="release"/>
    <property name="surefire.test.class.path" value="/home/tarbabyelvis/IdeaProjects/bookstore/target/test-classes:/home/tarbabyelvis/IdeaProjects/bookstore/target/classes:/home/tarbabyelvis/.m2/repository/org/springframework/boot/spring-boot-starter-data-jpa/2.6.7/spring-boot-starter-data-jpa-2.6.7.jar:/home/tarbabyelvis/.m2/repository/org/springframework/boot/spring-boot-starter-aop/2.6.7/spring-boot-starter-aop-2.6.7.jar:/home/tarbabyelvis/.m2/repository/org/aspectj/aspectjweaver/1.9.7/aspectjweaver-1.9.7.jar:/home/tarbabyelvis/.m2/repository/org/springframework/boot/spring-boot-starter-jdbc/2.6.7/spring-boot-starter-jdbc-2.6.7.jar:/home/tarbabyelvis/.m2/repository/com/zaxxer/HikariCP/4.0.3/HikariCP-4.0.3.jar:/home/tarbabyelvis/.m2/repository/org/springframework/spring-jdbc/5.3.19/spring-jdbc-5.3.19.jar:/home/tarbabyelvis/.m2/repository/jakarta/transaction/jakarta.transaction-api/1.3.3/jakarta.transaction-api-1.3.3.jar:/home/tarbabyelvis/.m2/repository/jakarta/persistence/jakarta.persistence-api/2.2.3/jakarta.persistence-api-2.2.3.jar:/home/tarbabyelvis/.m2/repository/org/hibernate/hibernate-core/5.6.8.Final/hibernate-core-5.6.8.Final.jar:/home/tarbabyelvis/.m2/repository/org/jboss/logging/jboss-logging/3.4.3.Final/jboss-logging-3.4.3.Final.jar:/home/tarbabyelvis/.m2/repository/net/bytebuddy/byte-buddy/1.11.22/byte-buddy-1.11.22.jar:/home/tarbabyelvis/.m2/repository/antlr/antlr/2.7.7/antlr-2.7.7.jar:/home/tarbabyelvis/.m2/repository/org/jboss/jandex/2.4.2.Final/jandex-2.4.2.Final.jar:/home/tarbabyelvis/.m2/repository/com/fasterxml/classmate/1.5.1/classmate-1.5.1.jar:/home/tarbabyelvis/.m2/repository/org/hibernate/common/hibernate-commons-annotations/5.1.2.Final/hibernate-commons-annotations-5.1.2.Final.jar:/home/tarbabyelvis/.m2/repository/org/glassfish/jaxb/jaxb-runtime/2.3.6/jaxb-runtime-2.3.6.jar:/home/tarbabyelvis/.m2/repository/org/glassfish/jaxb/txw2/2.3.6/txw2-2.3.6.jar:/home/tarbabyelvis/.m2/repository/com/sun/istack/istack-commons-runtime/3.0.12/istack-commons-runtime-3.0.12.jar:/home/tarbabyelvis/.m2/repository/com/sun/activation/jakarta.activation/1.2.2/jakarta.activation-1.2.2.jar:/home/tarbabyelvis/.m2/repository/org/springframework/data/spring-data-jpa/2.6.4/spring-data-jpa-2.6.4.jar:/home/tarbabyelvis/.m2/repository/org/springframework/data/spring-data-commons/2.6.4/spring-data-commons-2.6.4.jar:/home/tarbabyelvis/.m2/repository/org/springframework/spring-orm/5.3.19/spring-orm-5.3.19.jar:/home/tarbabyelvis/.m2/repository/org/springframework/spring-context/5.3.19/spring-context-5.3.19.jar:/home/tarbabyelvis/.m2/repository/org/springframework/spring-tx/5.3.19/spring-tx-5.3.19.jar:/home/tarbabyelvis/.m2/repository/org/springframework/spring-beans/5.3.19/spring-beans-5.3.19.jar:/home/tarbabyelvis/.m2/repository/org/slf4j/slf4j-api/1.7.36/slf4j-api-1.7.36.jar:/home/tarbabyelvis/.m2/repository/org/springframework/spring-aspects/5.3.19/spring-aspects-5.3.19.jar:/home/tarbabyelvis/.m2/repository/org/springframework/boot/spring-boot-starter-security/2.6.7/spring-boot-starter-security-2.6.7.jar:/home/tarbabyelvis/.m2/repository/org/springframework/boot/spring-boot-starter/2.6.7/spring-boot-starter-2.6.7.jar:/home/tarbabyelvis/.m2/repository/org/springframework/boot/spring-boot/2.6.7/spring-boot-2.6.7.jar:/home/tarbabyelvis/.m2/repository/org/springframework/boot/spring-boot-autoconfigure/2.6.7/spring-boot-autoconfigure-2.6.7.jar:/home/tarbabyelvis/.m2/repository/org/springframework/boot/spring-boot-starter-logging/2.6.7/spring-boot-starter-logging-2.6.7.jar:/home/tarbabyelvis/.m2/repository/ch/qos/logback/logback-classic/1.2.11/logback-classic-1.2.11.jar:/home/tarbabyelvis/.m2/repository/ch/qos/logback/logback-core/1.2.11/logback-core-1.2.11.jar:/home/tarbabyelvis/.m2/repository/org/apache/logging/log4j/log4j-to-slf4j/2.17.2/log4j-to-slf4j-2.17.2.jar:/home/tarbabyelvis/.m2/repository/org/apache/logging/log4j/log4j-api/2.17.2/log4j-api-2.17.2.jar:/home/tarbabyelvis/.m2/repository/org/slf4j/jul-to-slf4j/1.7.36/jul-to-slf4j-1.7.36.jar:/home/tarbabyelvis/.m2/repository/jakarta/annotation/jakarta.annotation-api/1.3.5/jakarta.annotation-api-1.3.5.jar:/home/tarbabyelvis/.m2/repository/org/yaml/snakeyaml/1.29/snakeyaml-1.29.jar:/home/tarbabyelvis/.m2/repository/org/springframework/spring-aop/5.3.19/spring-aop-5.3.19.jar:/home/tarbabyelvis/.m2/repository/org/springframework/security/spring-security-config/5.6.3/spring-security-config-5.6.3.jar:/home/tarbabyelvis/.m2/repository/org/springframework/security/spring-security-web/5.6.3/spring-security-web-5.6.3.jar:/home/tarbabyelvis/.m2/repository/org/springframework/spring-expression/5.3.19/spring-expression-5.3.19.jar:/home/tarbabyelvis/.m2/repository/org/springframework/boot/spring-boot-starter-web/2.6.7/spring-boot-starter-web-2.6.7.jar:/home/tarbabyelvis/.m2/repository/org/springframework/boot/spring-boot-starter-json/2.6.7/spring-boot-starter-json-2.6.7.jar:/home/tarbabyelvis/.m2/repository/com/fasterxml/jackson/core/jackson-databind/2.13.2.1/jackson-databind-2.13.2.1.jar:/home/tarbabyelvis/.m2/repository/com/fasterxml/jackson/core/jackson-annotations/2.13.2/jackson-annotations-2.13.2.jar:/home/tarbabyelvis/.m2/repository/com/fasterxml/jackson/core/jackson-core/2.13.2/jackson-core-2.13.2.jar:/home/tarbabyelvis/.m2/repository/com/fasterxml/jackson/datatype/jackson-datatype-jdk8/2.13.2/jackson-datatype-jdk8-2.13.2.jar:/home/tarbabyelvis/.m2/repository/com/fasterxml/jackson/datatype/jackson-datatype-jsr310/2.13.2/jackson-datatype-jsr310-2.13.2.jar:/home/tarbabyelvis/.m2/repository/com/fasterxml/jackson/module/jackson-module-parameter-names/2.13.2/jackson-module-parameter-names-2.13.2.jar:/home/tarbabyelvis/.m2/repository/org/springframework/boot/spring-boot-starter-tomcat/2.6.7/spring-boot-starter-tomcat-2.6.7.jar:/home/tarbabyelvis/.m2/repository/org/apache/tomcat/embed/tomcat-embed-core/9.0.62/tomcat-embed-core-9.0.62.jar:/home/tarbabyelvis/.m2/repository/org/apache/tomcat/embed/tomcat-embed-el/9.0.62/tomcat-embed-el-9.0.62.jar:/home/tarbabyelvis/.m2/repository/org/apache/tomcat/embed/tomcat-embed-websocket/9.0.62/tomcat-embed-websocket-9.0.62.jar:/home/tarbabyelvis/.m2/repository/org/springframework/spring-web/5.3.19/spring-web-5.3.19.jar:/home/tarbabyelvis/.m2/repository/org/springframework/spring-webmvc/5.3.19/spring-webmvc-5.3.19.jar:/home/tarbabyelvis/.m2/repository/org/postgresql/postgresql/42.3.4/postgresql-42.3.4.jar:/home/tarbabyelvis/.m2/repository/org/checkerframework/checker-qual/3.5.0/checker-qual-3.5.0.jar:/home/tarbabyelvis/.m2/repository/org/projectlombok/lombok/1.18.24/lombok-1.18.24.jar:/home/tarbabyelvis/.m2/repository/org/springframework/boot/spring-boot-starter-test/2.6.7/spring-boot-starter-test-2.6.7.jar:/home/tarbabyelvis/.m2/repository/org/springframework/boot/spring-boot-test/2.6.7/spring-boot-test-2.6.7.jar:/home/tarbabyelvis/.m2/repository/org/springframework/boot/spring-boot-test-autoconfigure/2.6.7/spring-boot-test-autoconfigure-2.6.7.jar:/home/tarbabyelvis/.m2/repository/com/jayway/jsonpath/json-path/2.6.0/json-path-2.6.0.jar:/home/tarbabyelvis/.m2/repository/net/minidev/json-smart/2.4.8/json-smart-2.4.8.jar:/home/tarbabyelvis/.m2/repository/net/minidev/accessors-smart/2.4.8/accessors-smart-2.4.8.jar:/home/tarbabyelvis/.m2/repository/org/ow2/asm/asm/9.1/asm-9.1.jar:/home/tarbabyelvis/.m2/repository/jakarta/xml/bind/jakarta.xml.bind-api/2.3.3/jakarta.xml.bind-api-2.3.3.jar:/home/tarbabyelvis/.m2/repository/jakarta/activation/jakarta.activation-api/1.2.2/jakarta.activation-api-1.2.2.jar:/home/tarbabyelvis/.m2/repository/org/assertj/assertj-core/3.21.0/assertj-core-3.21.0.jar:/home/tarbabyelvis/.m2/repository/org/hamcrest/hamcrest/2.2/hamcrest-2.2.jar:/home/tarbabyelvis/.m2/repository/org/junit/jupiter/junit-jupiter/5.8.2/junit-jupiter-5.8.2.jar:/home/tarbabyelvis/.m2/repository/org/junit/jupiter/junit-jupiter-api/5.8.2/junit-jupiter-api-5.8.2.jar:/home/tarbabyelvis/.m2/repository/org/opentest4j/opentest4j/1.2.0/opentest4j-1.2.0.jar:/home/tarbabyelvis/.m2/repository/org/junit/platform/junit-platform-commons/1.8.2/junit-platform-commons-1.8.2.jar:/home/tarbabyelvis/.m2/repository/org/apiguardian/apiguardian-api/1.1.2/apiguardian-api-1.1.2.jar:/home/tarbabyelvis/.m2/repository/org/junit/jupiter/junit-jupiter-params/5.8.2/junit-jupiter-params-5.8.2.jar:/home/tarbabyelvis/.m2/repository/org/junit/jupiter/junit-jupiter-engine/5.8.2/junit-jupiter-engine-5.8.2.jar:/home/tarbabyelvis/.m2/repository/org/junit/platform/junit-platform-engine/1.8.2/junit-platform-engine-1.8.2.jar:/home/tarbabyelvis/.m2/repository/org/mockito/mockito-core/4.0.0/mockito-core-4.0.0.jar:/home/tarbabyelvis/.m2/repository/net/bytebuddy/byte-buddy-agent/1.11.22/byte-buddy-agent-1.11.22.jar:/home/tarbabyelvis/.m2/repository/org/objenesis/objenesis/3.2/objenesis-3.2.jar:/home/tarbabyelvis/.m2/repository/org/mockito/mockito-junit-jupiter/4.0.0/mockito-junit-jupiter-4.0.0.jar:/home/tarbabyelvis/.m2/repository/org/skyscreamer/jsonassert/1.5.0/jsonassert-1.5.0.jar:/home/tarbabyelvis/.m2/repository/com/vaadin/external/google/android-json/0.0.20131108.vaadin1/android-json-0.0.20131108.vaadin1.jar:/home/tarbabyelvis/.m2/repository/org/springframework/spring-core/5.3.19/spring-core-5.3.19.jar:/home/tarbabyelvis/.m2/repository/org/springframework/spring-jcl/5.3.19/spring-jcl-5.3.19.jar:/home/tarbabyelvis/.m2/repository/org/springframework/spring-test/5.3.19/spring-test-5.3.19.jar:/home/tarbabyelvis/.m2/repository/org/xmlunit/xmlunit-core/2.8.4/xmlunit-core-2.8.4.jar:/home/tarbabyelvis/.m2/repository/org/springframework/security/spring-security-test/5.6.3/spring-security-test-5.6.3.jar:/home/tarbabyelvis/.m2/repository/org/springframework/security/spring-security-core/5.6.3/spring-security-core-5.6.3.jar:/home/tarbabyelvis/.m2/repository/org/springframework/security/spring-security-crypto/5.6.3/spring-security-crypto-5.6.3.jar:/home/tarbabyelvis/.m2/repository/org/mockito/mockito-all/1.10.19/mockito-all-1.10.19.jar:"/>
    <property name="sun.cpu.endian" value="little"/>
    <property name="user.home" value="/home/tarbabyelvis"/>
    <property name="user.language" value="en"/>
    <property name="java.specification.vendor" value="Oracle Corporation"/>
    <property name="java.version.date" value="2022-01-18"/>
    <property name="java.home" value="/usr/lib/jvm/jdk-17"/>
    <property name="file.separator" value="/"/>
    <property name="basedir" value="/home/tarbabyelvis/IdeaProjects/bookstore"/>
    <property name="java.vm.compressedOopsMode" value="Zero based"/>
    <property name="line.separator" value="&#10;"/>
    <property name="java.vm.specification.vendor" value="Oracle Corporation"/>
    <property name="java.specification.name" value="Java Platform API Specification"/>
    <property name="surefire.real.class.path" value="/home/tarbabyelvis/IdeaProjects/bookstore/target/surefire/surefirebooter1243993594073381779.jar"/>
    <property name="sun.management.compiler" value="HotSpot 64-Bit Tiered Compilers"/>
    <property name="java.runtime.version" value="17.0.2+8-LTS-86"/>
    <property name="user.name" value="tarbabyelvis"/>
    <property name="path.separator" value=":"/>
    <property name="os.version" value="5.13.0-40-generic"/>
    <property name="java.runtime.name" value="Java(TM) SE Runtime Environment"/>
    <property name="file.encoding" value="UTF-8"/>
    <property name="java.vm.name" value="Java HotSpot(TM) 64-Bit Server VM"/>
    <property name="localRepository" value="/home/tarbabyelvis/.m2/repository"/>
    <property name="java.vendor.url.bug" value="https://bugreport.java.com/bugreport/"/>
    <property name="java.io.tmpdir" value="/tmp"/>
    <property name="java.version" value="17.0.2"/>
    <property name="user.dir" value="/home/tarbabyelvis/IdeaProjects/bookstore"/>
    <property name="os.arch" value="amd64"/>
    <property name="java.vm.specification.name" value="Java Virtual Machine Specification"/>
    <property name="native.encoding" value="UTF-8"/>
    <property name="java.library.path" value="/usr/java/packages/lib:/usr/lib64:/lib64:/lib:/usr/lib"/>
    <property name="java.vm.info" value="mixed mode, sharing"/>
    <property name="java.vendor" value="Oracle Corporation"/>
    <property name="java.vm.version" value="17.0.2+8-LTS-86"/>
    <property name="sun.io.unicode.encoding" value="UnicodeLittle"/>
    <property name="java.class.version" value="61.0"/>
  </properties>
  <testcase name="contextLoads" classname="zw.co.booker.bookstore.BookstoreApplicationTests" time="2.985">
    <error type="java.lang.StackOverflowError">java.lang.StackOverflowError
</error>
    <system-out><![CDATA[2022-05-04 10:49:54.730  INFO 245442 --- [           main] .b.t.c.SpringBootTestContextBootstrapper : Neither @ContextConfiguration nor @ContextHierarchy found for test class [zw.co.booker.bookstore.BookstoreApplicationTests], using SpringBootContextLoader
2022-05-04 10:49:54.730  INFO 245442 --- [           main] o.s.t.c.support.AbstractContextLoader    : Could not detect default resource locations for test class [zw.co.booker.bookstore.BookstoreApplicationTests]: no resource found for suffixes {-context.xml, Context.groovy}.
2022-05-04 10:49:54.731  INFO 245442 --- [           main] t.c.s.AnnotationConfigContextLoaderUtils : Could not detect default configuration classes for test class [zw.co.booker.bookstore.BookstoreApplicationTests]: BookstoreApplicationTests does not declare any static, non-private, non-final, nested classes annotated with @Configuration.
2022-05-04 10:49:54.742  INFO 245442 --- [           main] .b.t.c.SpringBootTestContextBootstrapper : Found @SpringBootConfiguration zw.co.booker.bookstore.BookstoreApplication for test class zw.co.booker.bookstore.BookstoreApplicationTests
2022-05-04 10:49:54.749  INFO 245442 --- [           main] .b.t.c.SpringBootTestContextBootstrapper : Loaded default TestExecutionListener class names from location [META-INF/spring.factories]: [org.springframework.boot.test.mock.mockito.MockitoTestExecutionListener, org.springframework.boot.test.mock.mockito.ResetMocksTestExecutionListener, org.springframework.boot.test.autoconfigure.restdocs.RestDocsTestExecutionListener, org.springframework.boot.test.autoconfigure.web.client.MockRestServiceServerResetTestExecutionListener, org.springframework.boot.test.autoconfigure.web.servlet.MockMvcPrintOnlyOnFailureTestExecutionListener, org.springframework.boot.test.autoconfigure.web.servlet.WebDriverTestExecutionListener, org.springframework.boot.test.autoconfigure.webservices.client.MockWebServiceServerTestExecutionListener, org.springframework.test.context.web.ServletTestExecutionListener, org.springframework.test.context.support.DirtiesContextBeforeModesTestExecutionListener, org.springframework.test.context.event.ApplicationEventsTestExecutionListener, org.springframework.test.context.support.DependencyInjectionTestExecutionListener, org.springframework.test.context.support.DirtiesContextTestExecutionListener, org.springframework.test.context.transaction.TransactionalTestExecutionListener, org.springframework.test.context.jdbc.SqlScriptsTestExecutionListener, org.springframework.test.context.event.EventPublishingTestExecutionListener, org.springframework.security.test.context.support.WithSecurityContextTestExecutionListener, org.springframework.security.test.context.support.ReactorContextTestExecutionListener]
2022-05-04 10:49:54.750  INFO 245442 --- [           main] .b.t.c.SpringBootTestContextBootstrapper : Using TestExecutionListeners: [org.springframework.test.context.web.ServletTestExecutionListener@602f8f94, org.springframework.test.context.support.DirtiesContextBeforeModesTestExecutionListener@42507640, org.springframework.test.context.event.ApplicationEventsTestExecutionListener@4dfe8b37, org.springframework.boot.test.mock.mockito.MockitoTestExecutionListener@11dcd42c, org.springframework.boot.test.autoconfigure.SpringBootDependencyInjectionTestExecutionListener@d13baac, org.springframework.test.context.support.DirtiesContextTestExecutionListener@4c302f38, org.springframework.test.context.transaction.TransactionalTestExecutionListener@75aea2ba, org.springframework.test.context.jdbc.SqlScriptsTestExecutionListener@2a47597, org.springframework.test.context.event.EventPublishingTestExecutionListener@12f279b5, org.springframework.security.test.context.support.WithSecurityContextTestExecutionListener@5ff6dd3c, org.springframework.security.test.context.support.ReactorContextTestExecutionListener@5fcd1f0a, org.springframework.boot.test.mock.mockito.ResetMocksTestExecutionListener@7e64c1a9, org.springframework.boot.test.autoconfigure.restdocs.RestDocsTestExecutionListener@7fda2001, org.springframework.boot.test.autoconfigure.web.client.MockRestServiceServerResetTestExecutionListener@162c1dfb, org.springframework.boot.test.autoconfigure.web.servlet.MockMvcPrintOnlyOnFailureTestExecutionListener@21ae657b, org.springframework.boot.test.autoconfigure.web.servlet.WebDriverTestExecutionListener@799f916e, org.springframework.boot.test.autoconfigure.webservices.client.MockWebServiceServerTestExecutionListener@576b7c74]

  .   ____          _            __ _ _
 /\\ / ___'_ __ _ _(_)_ __  __ _ \ \ \ \
( ( )\___ | '_ | '_| | '_ \/ _` | \ \ \ \
 \\/  ___)| |_)| | | | | || (_| |  ) ) ) )
  '  |____| .__|_| |_|_| |_\__, | / / / /
 =========|_|==============|___/=/_/_/_/
 :: Spring Boot ::                (v2.6.7)

2022-05-04 10:49:54.791  INFO 245442 --- [           main] z.c.b.b.BookstoreApplicationTests        : Starting BookstoreApplicationTests using Java 17.0.2 on tarbabyelvis with PID 245442 (started by tarbabyelvis in /home/tarbabyelvis/IdeaProjects/bookstore)
2022-05-04 10:49:54.792 DEBUG 245442 --- [           main] z.c.b.b.BookstoreApplicationTests        : Running with Spring Boot v2.6.7, Spring v5.3.19
2022-05-04 10:49:54.792  INFO 245442 --- [           main] z.c.b.b.BookstoreApplicationTests        : The following 1 profile is active: "dev"
2022-05-04 10:49:54.994  INFO 245442 --- [           main] .s.d.r.c.RepositoryConfigurationDelegate : Bootstrapping Spring Data JPA repositories in DEFAULT mode.
2022-05-04 10:49:55.033  INFO 245442 --- [           main] .s.d.r.c.RepositoryConfigurationDelegate : Finished Spring Data repository scanning in 32 ms. Found 2 JPA repository interfaces.
2022-05-04 10:49:55.347  INFO 245442 --- [           main] o.hibernate.jpa.internal.util.LogHelper  : HHH000204: Processing PersistenceUnitInfo [name: default]
2022-05-04 10:49:55.379  INFO 245442 --- [           main] org.hibernate.Version                    : HHH000412: Hibernate ORM core version 5.6.8.Final
2022-05-04 10:49:55.407  INFO 245442 --- [           main] o.hibernate.annotations.common.Version   : HCANN000001: Hibernate Commons Annotations {5.1.2.Final}
2022-05-04 10:49:55.495  INFO 245442 --- [           main] com.zaxxer.hikari.HikariDataSource       : HikariPool-1 - Starting...
2022-05-04 10:49:55.736  INFO 245442 --- [           main] com.zaxxer.hikari.HikariDataSource       : HikariPool-1 - Start completed.
2022-05-04 10:49:55.746  INFO 245442 --- [           main] org.hibernate.dialect.Dialect            : HHH000400: Using dialect: org.hibernate.dialect.PostgreSQL95Dialect
2022-05-04 10:49:56.072  INFO 245442 --- [           main] o.h.e.t.j.p.i.JtaPlatformInitiator       : HHH000490: Using JtaPlatform implementation: [org.hibernate.engine.transaction.jta.platform.internal.NoJtaPlatform]
2022-05-04 10:49:56.078  INFO 245442 --- [           main] j.LocalContainerEntityManagerFactoryBean : Initialized JPA EntityManagerFactory for persistence unit 'default'
2022-05-04 10:49:56.496  WARN 245442 --- [           main] JpaBaseConfiguration$JpaWebConfiguration : spring.jpa.open-in-view is enabled by default. Therefore, database queries may be performed during view rendering. Explicitly configure spring.jpa.open-in-view to disable this warning
2022-05-04 10:49:56.885  INFO 245442 --- [           main] o.s.s.web.DefaultSecurityFilterChain     : Will secure any request with [org.springframework.security.web.context.request.async.WebAsyncManagerIntegrationFilter@79080255, org.springframework.security.web.context.SecurityContextPersistenceFilter@3b3b2290, org.springframework.security.web.header.HeaderWriterFilter@5039c2cf, org.springframework.security.web.authentication.logout.LogoutFilter@5c9168c3, org.springframework.security.web.savedrequest.RequestCacheAwareFilter@49e92724, org.springframework.security.web.servletapi.SecurityContextHolderAwareRequestFilter@49482761, org.springframework.security.web.authentication.AnonymousAuthenticationFilter@2cdb53d6, org.springframework.security.web.session.SessionManagementFilter@34a99d8, org.springframework.security.web.access.ExceptionTranslationFilter@1be3a294, org.springframework.security.web.access.intercept.FilterSecurityInterceptor@3a574a3b]
2022-05-04 10:49:57.204  INFO 245442 --- [           main] z.c.b.b.BookstoreApplicationTests        : Started BookstoreApplicationTests in 2.452 seconds (JVM running for 4.499)
]]></system-out>
  </testcase>
</testsuite>